Started by user [8mha:////4Eg5jz/wC46BzuC549VC2Doz0aycqbSttCqIOzdz5B0SAAAAmR+LCAAAAAAAAP9b85aBtbiIQTGjNKU4P08vOT+vOD8nVc83PyU1x6OyILUoJzMv2y+/JJUBAhiZGBgqihhk0NSjKDWzXb3RdlLBUSYGJk8GtpzUvPSSDB8G5tKinBIGIZ+sxLJE/ZzEvHT94JKizLx0a6BxUmjGOUNodHsLgAz2EgZe/dLi1CL9osS8rMySDAArcnYuwgAAAA==[0mranjith
Running as SYSTEM
Building in workspace /var/lib/jenkins/workspace/sonarscanner-code analysis
The recommended git tool is: NONE
No credentials specified
 > git rev-parse --resolve-git-dir /var/lib/jenkins/workspace/sonarscanner-code analysis/.git # timeout=10
Fetching changes from the remote Git repository
 > git config remote.origin.url https://github.com/devopshydclub/vprofile-project.git # timeout=10
Fetching upstream changes from https://github.com/devopshydclub/vprofile-project.git
 > git --version # timeout=10
 > git --version # 'git version 2.25.1'
 > git fetch --tags --force --progress -- https://github.com/devopshydclub/vprofile-project.git +refs/heads/*:refs/remotes/origin/* # timeout=10
 > git rev-parse refs/remotes/origin/ci-jenkins^{commit} # timeout=10
Checking out Revision ec33ab8dd2deb6a8b936f97eb4887646c4af1381 (refs/remotes/origin/ci-jenkins)
 > git config core.sparsecheckout # timeout=10
 > git checkout -f ec33ab8dd2deb6a8b936f97eb4887646c4af1381 # timeout=10
Commit message: "Fixed, Certificate verification failed error."
 > git rev-list --no-walk ec33ab8dd2deb6a8b936f97eb4887646c4af1381 # timeout=10
[sonarscanner-code analysis] $ /var/lib/jenkins/tools/hudson.tasks.Maven_MavenInstallation/mvn/bin/mvn install
[INFO] Scanning for projects...
[INFO] 
[INFO] ---------------------< com.visualpathit:vprofile >----------------------
[INFO] Building Visualpathit VProfile Webapp v2
[INFO] --------------------------------[ war ]---------------------------------
[INFO] 
[8mha:////4I0wBuMzjiRWNIFeQfnhzIUy2s9olZFB1IOFik/cEpFxAAAAYB+LCAAAAAAAAP9b85aBtbiIQSmjNKU4P0+vJLE4u1gvPjexLDVPzxdEGvvmZ+X75Zek2mxOX+vh68DGxMBQUcQgBdWQnJ9XnJ+TqucMoUEKGSCAEaSwAAAn9LoiYAAAAA==[0m[INFO] --- maven-resources-plugin:2.6:resources (default-resources) @ vprofile ---
[8mha:////4FN1VUoZpHkAtRoHxa8NyDOFpC3TxwRrOTyYQFWR5GTNAAAAYh+LCAAAAAAAAP9b85aBtbiIQSWjNKU4P0+vJLE4u1gvPjexLDVPzxdEhicW5WXmpfvll6SeOJwgmrt9CSsTA0NFEYMUVEtyfl5xfk6qnjOEBilkgABGkMICAEQzmI1iAAAA[0m[WARNING] Using platform encoding (UTF-8 actually) to copy filtered resources, i.e. build is platform dependent!
[INFO] Copying 4 resources
[INFO] 
[8mha:////4I0wBuMzjiRWNIFeQfnhzIUy2s9olZFB1IOFik/cEpFxAAAAYB+LCAAAAAAAAP9b85aBtbiIQSmjNKU4P0+vJLE4u1gvPjexLDVPzxdEGvvmZ+X75Zek2mxOX+vh68DGxMBQUcQgBdWQnJ9XnJ+TqucMoUEKGSCAEaSwAAAn9LoiYAAAAA==[0m[INFO] --- jacoco-maven-plugin:0.7.2.201409121644:prepare-agent (jacoco-initialize) @ vprofile ---
[8mha:////4FN1VUoZpHkAtRoHxa8NyDOFpC3TxwRrOTyYQFWR5GTNAAAAYh+LCAAAAAAAAP9b85aBtbiIQSWjNKU4P0+vJLE4u1gvPjexLDVPzxdEhicW5WXmpfvll6SeOJwgmrt9CSsTA0NFEYMUVEtyfl5xfk6qnjOEBilkgABGkMICAEQzmI1iAAAA[0m[WARNING] The artifact xml-apis:xml-apis:jar:2.0.2 has been relocated to xml-apis:xml-apis:jar:1.0.b2
[INFO] argLine set to "-javaagent:/var/lib/jenkins/.m2/repository/org/jacoco/org.jacoco.agent/0.7.2.201409121644/org.jacoco.agent-0.7.2.201409121644-runtime.jar=destfile=/var/lib/jenkins/workspace/sonarscanner-code analysis/target/jacoco.exec"
[INFO] 
[8mha:////4I0wBuMzjiRWNIFeQfnhzIUy2s9olZFB1IOFik/cEpFxAAAAYB+LCAAAAAAAAP9b85aBtbiIQSmjNKU4P0+vJLE4u1gvPjexLDVPzxdEGvvmZ+X75Zek2mxOX+vh68DGxMBQUcQgBdWQnJ9XnJ+TqucMoUEKGSCAEaSwAAAn9LoiYAAAAA==[0m[INFO] --- maven-compiler-plugin:3.1:compile (default-compile) @ vprofile ---
[INFO] Nothing to compile - all classes are up to date
[INFO] 
[8mha:////4I0wBuMzjiRWNIFeQfnhzIUy2s9olZFB1IOFik/cEpFxAAAAYB+LCAAAAAAAAP9b85aBtbiIQSmjNKU4P0+vJLE4u1gvPjexLDVPzxdEGvvmZ+X75Zek2mxOX+vh68DGxMBQUcQgBdWQnJ9XnJ+TqucMoUEKGSCAEaSwAAAn9LoiYAAAAA==[0m[INFO] --- maven-resources-plugin:2.6:testResources (default-testResources) @ vprofile ---
[8mha:////4FN1VUoZpHkAtRoHxa8NyDOFpC3TxwRrOTyYQFWR5GTNAAAAYh+LCAAAAAAAAP9b85aBtbiIQSWjNKU4P0+vJLE4u1gvPjexLDVPzxdEhicW5WXmpfvll6SeOJwgmrt9CSsTA0NFEYMUVEtyfl5xfk6qnjOEBilkgABGkMICAEQzmI1iAAAA[0m[WARNING] Using platform encoding (UTF-8 actually) to copy filtered resources, i.e. build is platform dependent!
[INFO] skip non existing resourceDirectory /var/lib/jenkins/workspace/sonarscanner-code analysis/src/test/resources
[INFO] 
[8mha:////4I0wBuMzjiRWNIFeQfnhzIUy2s9olZFB1IOFik/cEpFxAAAAYB+LCAAAAAAAAP9b85aBtbiIQSmjNKU4P0+vJLE4u1gvPjexLDVPzxdEGvvmZ+X75Zek2mxOX+vh68DGxMBQUcQgBdWQnJ9XnJ+TqucMoUEKGSCAEaSwAAAn9LoiYAAAAA==[0m[INFO] --- maven-compiler-plugin:3.1:testCompile (default-testCompile) @ vprofile ---
[INFO] Nothing to compile - all classes are up to date
[INFO] 
[8mha:////4I0wBuMzjiRWNIFeQfnhzIUy2s9olZFB1IOFik/cEpFxAAAAYB+LCAAAAAAAAP9b85aBtbiIQSmjNKU4P0+vJLE4u1gvPjexLDVPzxdEGvvmZ+X75Zek2mxOX+vh68DGxMBQUcQgBdWQnJ9XnJ+TqucMoUEKGSCAEaSwAAAn9LoiYAAAAA==[0m[INFO] --- maven-surefire-plugin:2.12.4:test (default-test) @ vprofile ---
[INFO] Surefire report directory: /var/lib/jenkins/workspace/sonarscanner-code analysis/target/surefire-reports

-------------------------------------------------------
 T E S T S
-------------------------------------------------------
Running com.visualpathit.account.controllerTest.SampleTest
Tests run: 1, Failures: 0, Errors: 0, Skipped: 0, Time elapsed: 0.239 sec
Running com.visualpathit.account.controllerTest.UserControllerTest
06:21:27.608 [main] INFO  o.s.t.w.s.s.StandaloneMockMvcBuilder$StaticRequestMappingHandlerMapping#532 Mapped "{[/login],methods=[GET]}" onto public final java.lang.String com.visualpathit.account.controller.UserController.login(org.springframework.ui.Model,java.lang.String,java.lang.String)
06:21:27.626 [main] INFO  o.s.t.w.s.s.StandaloneMockMvcBuilder$StaticRequestMappingHandlerMapping#532 Mapped "{[/ || /welcome],methods=[GET]}" onto public final java.lang.String com.visualpathit.account.controller.UserController.welcome(org.springframework.ui.Model)
06:21:27.631 [main] INFO  o.s.t.w.s.s.StandaloneMockMvcBuilder$StaticRequestMappingHandlerMapping#532 Mapped "{[/registration],methods=[POST]}" onto public final java.lang.String com.visualpathit.account.controller.UserController.registration(com.visualpathit.account.model.User,org.springframework.validation.BindingResult,org.springframework.ui.Model)
06:21:27.633 [main] INFO  o.s.t.w.s.s.StandaloneMockMvcBuilder$StaticRequestMappingHandlerMapping#532 Mapped "{[/registration],methods=[GET]}" onto public final java.lang.String com.visualpathit.account.controller.UserController.registration(org.springframework.ui.Model)
06:21:27.638 [main] INFO  o.s.t.w.s.s.StandaloneMockMvcBuilder$StaticRequestMappingHandlerMapping#532 Mapped "{[/index],methods=[GET]}" onto public final java.lang.String com.visualpathit.account.controller.UserController.indexHome(org.springframework.ui.Model)
06:21:28.675 [main] INFO  o.s.w.s.m.m.a.RequestMappingHandlerAdapter#532 Looking for @ControllerAdvice: org.springframework.test.web.servlet.setup.StubWebApplicationContext@20ca951f
06:21:28.933 [main] INFO  o.s.m.w.MockServletContext#390 Initializing Spring FrameworkServlet ''
06:21:28.934 [main] INFO  o.s.t.w.s.TestDispatcherServlet#488 FrameworkServlet '': initialization started
06:21:28.943 [main] INFO  o.s.t.w.s.TestDispatcherServlet#507 FrameworkServlet '': initialization completed in 9 ms
06:21:29.236 [main] INFO  o.s.t.w.s.s.StandaloneMockMvcBuilder$StaticRequestMappingHandlerMapping#532 Mapped "{[/login],methods=[GET]}" onto public final java.lang.String com.visualpathit.account.controller.UserController.login(org.springframework.ui.Model,java.lang.String,java.lang.String)
06:21:29.238 [main] INFO  o.s.t.w.s.s.StandaloneMockMvcBuilder$StaticRequestMappingHandlerMapping#532 Mapped "{[/ || /welcome],methods=[GET]}" onto public final java.lang.String com.visualpathit.account.controller.UserController.welcome(org.springframework.ui.Model)
06:21:29.240 [main] INFO  o.s.t.w.s.s.StandaloneMockMvcBuilder$StaticRequestMappingHandlerMapping#532 Mapped "{[/registration],methods=[POST]}" onto public final java.lang.String com.visualpathit.account.controller.UserController.registration(com.visualpathit.account.model.User,org.springframework.validation.BindingResult,org.springframework.ui.Model)
06:21:29.250 [main] INFO  o.s.t.w.s.s.StandaloneMockMvcBuilder$StaticRequestMappingHandlerMapping#532 Mapped "{[/registration],methods=[GET]}" onto public final java.lang.String com.visualpathit.account.controller.UserController.registration(org.springframework.ui.Model)
06:21:29.251 [main] INFO  o.s.t.w.s.s.StandaloneMockMvcBuilder$StaticRequestMappingHandlerMapping#532 Mapped "{[/index],methods=[GET]}" onto public final java.lang.String com.visualpathit.account.controller.UserController.indexHome(org.springframework.ui.Model)
06:21:29.281 [main] INFO  o.s.w.s.m.m.a.RequestMappingHandlerAdapter#532 Looking for @ControllerAdvice: org.springframework.test.web.servlet.setup.StubWebApplicationContext@1c6c6f24
06:21:29.297 [main] INFO  o.s.m.w.MockServletContext#390 Initializing Spring FrameworkServlet ''
06:21:29.298 [main] INFO  o.s.t.w.s.TestDispatcherServlet#488 FrameworkServlet '': initialization started
06:21:29.298 [main] INFO  o.s.t.w.s.TestDispatcherServlet#507 FrameworkServlet '': initialization completed in 0 ms
06:21:29.328 [main] INFO  o.s.t.w.s.s.StandaloneMockMvcBuilder$StaticRequestMappingHandlerMapping#532 Mapped "{[/login],methods=[GET]}" onto public final java.lang.String com.visualpathit.account.controller.UserController.login(org.springframework.ui.Model,java.lang.String,java.lang.String)
06:21:29.330 [main] INFO  o.s.t.w.s.s.StandaloneMockMvcBuilder$StaticRequestMappingHandlerMapping#532 Mapped "{[/ || /welcome],methods=[GET]}" onto public final java.lang.String com.visualpathit.account.controller.UserController.welcome(org.springframework.ui.Model)
06:21:29.331 [main] INFO  o.s.t.w.s.s.StandaloneMockMvcBuilder$StaticRequestMappingHandlerMapping#532 Mapped "{[/registration],methods=[POST]}" onto public final java.lang.String com.visualpathit.account.controller.UserController.registration(com.visualpathit.account.model.User,org.springframework.validation.BindingResult,org.springframework.ui.Model)
06:21:29.338 [main] INFO  o.s.t.w.s.s.StandaloneMockMvcBuilder$StaticRequestMappingHandlerMapping#532 Mapped "{[/registration],methods=[GET]}" onto public final java.lang.String com.visualpathit.account.controller.UserController.registration(org.springframework.ui.Model)
06:21:29.339 [main] INFO  o.s.t.w.s.s.StandaloneMockMvcBuilder$StaticRequestMappingHandlerMapping#532 Mapped "{[/index],methods=[GET]}" onto public final java.lang.String com.visualpathit.account.controller.UserController.indexHome(org.springframework.ui.Model)
06:21:29.356 [main] INFO  o.s.w.s.m.m.a.RequestMappingHandlerAdapter#532 Looking for @ControllerAdvice: org.springframework.test.web.servlet.setup.StubWebApplicationContext@3e48d38
06:21:29.365 [main] INFO  o.s.m.w.MockServletContext#390 Initializing Spring FrameworkServlet ''
06:21:29.370 [main] INFO  o.s.t.w.s.TestDispatcherServlet#488 FrameworkServlet '': initialization started
06:21:29.371 [main] INFO  o.s.t.w.s.TestDispatcherServlet#507 FrameworkServlet '': initialization completed in 1 ms
06:21:29.386 [main] INFO  o.s.t.w.s.s.StandaloneMockMvcBuilder$StaticRequestMappingHandlerMapping#532 Mapped "{[/login],methods=[GET]}" onto public final java.lang.String com.visualpathit.account.controller.UserController.login(org.springframework.ui.Model,java.lang.String,java.lang.String)
06:21:29.387 [main] INFO  o.s.t.w.s.s.StandaloneMockMvcBuilder$StaticRequestMappingHandlerMapping#532 Mapped "{[/ || /welcome],methods=[GET]}" onto public final java.lang.String com.visualpathit.account.controller.UserController.welcome(org.springframework.ui.Model)
06:21:29.388 [main] INFO  o.s.t.w.s.s.StandaloneMockMvcBuilder$StaticRequestMappingHandlerMapping#532 Mapped "{[/registration],methods=[POST]}" onto public final java.lang.String com.visualpathit.account.controller.UserController.registration(com.visualpathit.account.model.User,org.springframework.validation.BindingResult,org.springframework.ui.Model)
06:21:29.389 [main] INFO  o.s.t.w.s.s.StandaloneMockMvcBuilder$StaticRequestMappingHandlerMapping#532 Mapped "{[/registration],methods=[GET]}" onto public final java.lang.String com.visualpathit.account.controller.UserController.registration(org.springframework.ui.Model)
06:21:29.394 [main] INFO  o.s.t.w.s.s.StandaloneMockMvcBuilder$StaticRequestMappingHandlerMapping#532 Mapped "{[/index],methods=[GET]}" onto public final java.lang.String com.visualpathit.account.controller.UserController.indexHome(org.springframework.ui.Model)
06:21:29.419 [main] INFO  o.s.w.s.m.m.a.RequestMappingHandlerAdapter#532 Looking for @ControllerAdvice: org.springframework.test.web.servlet.setup.StubWebApplicationContext@5833f5cd
06:21:29.432 [main] INFO  o.s.m.w.MockServletContext#390 Initializing Spring FrameworkServlet ''
06:21:29.433 [main] INFO  o.s.t.w.s.TestDispatcherServlet#488 FrameworkServlet '': initialization started
06:21:29.433 [main] INFO  o.s.t.w.s.TestDispatcherServlet#507 FrameworkServlet '': initialization completed in 0 ms
06:21:29.454 [main] INFO  o.s.t.w.s.s.StandaloneMockMvcBuilder$StaticRequestMappingHandlerMapping#532 Mapped "{[/login],methods=[GET]}" onto public final java.lang.String com.visualpathit.account.controller.UserController.login(org.springframework.ui.Model,java.lang.String,java.lang.String)
06:21:29.455 [main] INFO  o.s.t.w.s.s.StandaloneMockMvcBuilder$StaticRequestMappingHandlerMapping#532 Mapped "{[/ || /welcome],methods=[GET]}" onto public final java.lang.String com.visualpathit.account.controller.UserController.welcome(org.springframework.ui.Model)
06:21:29.456 [main] INFO  o.s.t.w.s.s.StandaloneMockMvcBuilder$StaticRequestMappingHandlerMapping#532 Mapped "{[/registration],methods=[POST]}" onto public final java.lang.String com.visualpathit.account.controller.UserController.registration(com.visualpathit.account.model.User,org.springframework.validation.BindingResult,org.springframework.ui.Model)
06:21:29.457 [main] INFO  o.s.t.w.s.s.StandaloneMockMvcBuilder$StaticRequestMappingHandlerMapping#532 Mapped "{[/registration],methods=[GET]}" onto public final java.lang.String com.visualpathit.account.controller.UserController.registration(org.springframework.ui.Model)
06:21:29.462 [main] INFO  o.s.t.w.s.s.StandaloneMockMvcBuilder$StaticRequestMappingHandlerMapping#532 Mapped "{[/index],methods=[GET]}" onto public final java.lang.String com.visualpathit.account.controller.UserController.indexHome(org.springframework.ui.Model)
06:21:29.473 [main] INFO  o.s.w.s.m.m.a.RequestMappingHandlerAdapter#532 Looking for @ControllerAdvice: org.springframework.test.web.servlet.setup.StubWebApplicationContext@4dc8c0ea
06:21:29.481 [main] INFO  o.s.m.w.MockServletContext#390 Initializing Spring FrameworkServlet ''
06:21:29.482 [main] INFO  o.s.t.w.s.TestDispatcherServlet#488 FrameworkServlet '': initialization started
06:21:29.482 [main] INFO  o.s.t.w.s.TestDispatcherServlet#507 FrameworkServlet '': initialization completed in 0 ms
06:21:29.509 [main] INFO  o.s.t.w.s.s.StandaloneMockMvcBuilder$StaticRequestMappingHandlerMapping#532 Mapped "{[/login],methods=[GET]}" onto public final java.lang.String com.visualpathit.account.controller.UserController.login(org.springframework.ui.Model,java.lang.String,java.lang.String)
06:21:29.512 [main] INFO  o.s.t.w.s.s.StandaloneMockMvcBuilder$StaticRequestMappingHandlerMapping#532 Mapped "{[/ || /welcome],methods=[GET]}" onto public final java.lang.String com.visualpathit.account.controller.UserController.welcome(org.springframework.ui.Model)
06:21:29.513 [main] INFO  o.s.t.w.s.s.StandaloneMockMvcBuilder$StaticRequestMappingHandlerMapping#532 Mapped "{[/registration],methods=[POST]}" onto public final java.lang.String com.visualpathit.account.controller.UserController.registration(com.visualpathit.account.model.User,org.springframework.validation.BindingResult,org.springframework.ui.Model)
06:21:29.514 [main] INFO  o.s.t.w.s.s.StandaloneMockMvcBuilder$StaticRequestMappingHandlerMapping#532 Mapped "{[/registration],methods=[GET]}" onto public final java.lang.String com.visualpathit.account.controller.UserController.registration(org.springframework.ui.Model)
06:21:29.514 [main] INFO  o.s.t.w.s.s.StandaloneMockMvcBuilder$StaticRequestMappingHandlerMapping#532 Mapped "{[/index],methods=[GET]}" onto public final java.lang.String com.visualpathit.account.controller.UserController.indexHome(org.springframework.ui.Model)
06:21:29.543 [main] INFO  o.s.w.s.m.m.a.RequestMappingHandlerAdapter#532 Looking for @ControllerAdvice: org.springframework.test.web.servlet.setup.StubWebApplicationContext@3ed03652
06:21:29.546 [main] INFO  o.s.m.w.MockServletContext#390 Initializing Spring FrameworkServlet ''
06:21:29.546 [main] INFO  o.s.t.w.s.TestDispatcherServlet#488 FrameworkServlet '': initialization started
06:21:29.546 [main] INFO  o.s.t.w.s.TestDispatcherServlet#507 FrameworkServlet '': initialization completed in 0 ms
Tests run: 6, Failures: 0, Errors: 0, Skipped: 0, Time elapsed: 3.721 sec
Running com.visualpathit.account.modelTest.RoleTest
Test Completed
Tests run: 1, Failures: 0, Errors: 0, Skipped: 0, Time elapsed: 0.012 sec
Running com.visualpathit.account.modelTest.UserTest
Test Completed
Tests run: 1, Failures: 0, Errors: 0, Skipped: 0, Time elapsed: 0.002 sec

Results :

Tests run: 9, Failures: 0, Errors: 0, Skipped: 0

[INFO] 
[8mha:////4I0wBuMzjiRWNIFeQfnhzIUy2s9olZFB1IOFik/cEpFxAAAAYB+LCAAAAAAAAP9b85aBtbiIQSmjNKU4P0+vJLE4u1gvPjexLDVPzxdEGvvmZ+X75Zek2mxOX+vh68DGxMBQUcQgBdWQnJ9XnJ+TqucMoUEKGSCAEaSwAAAn9LoiYAAAAA==[0m[INFO] --- maven-war-plugin:2.2:war (default-war) @ vprofile ---
[INFO] Packaging webapp
[INFO] Assembling webapp [vprofile] in [/var/lib/jenkins/workspace/sonarscanner-code analysis/target/vprofile-v2]
[INFO] Processing war project
[INFO] Copying webapp resources [/var/lib/jenkins/workspace/sonarscanner-code analysis/src/main/webapp]
[INFO] Webapp assembled in [376 msecs]
[INFO] Building war: /var/lib/jenkins/workspace/sonarscanner-code analysis/target/vprofile-v2.war
[INFO] WEB-INF/web.xml already added, skipping
[INFO] 
[8mha:////4I0wBuMzjiRWNIFeQfnhzIUy2s9olZFB1IOFik/cEpFxAAAAYB+LCAAAAAAAAP9b85aBtbiIQSmjNKU4P0+vJLE4u1gvPjexLDVPzxdEGvvmZ+X75Zek2mxOX+vh68DGxMBQUcQgBdWQnJ9XnJ+TqucMoUEKGSCAEaSwAAAn9LoiYAAAAA==[0m[INFO] --- jacoco-maven-plugin:0.7.2.201409121644:report (jacoco-site) @ vprofile ---
[INFO] Analyzed bundle 'Visualpathit VProfile Webapp' with 7 classes
[INFO] 
[8mha:////4I0wBuMzjiRWNIFeQfnhzIUy2s9olZFB1IOFik/cEpFxAAAAYB+LCAAAAAAAAP9b85aBtbiIQSmjNKU4P0+vJLE4u1gvPjexLDVPzxdEGvvmZ+X75Zek2mxOX+vh68DGxMBQUcQgBdWQnJ9XnJ+TqucMoUEKGSCAEaSwAAAn9LoiYAAAAA==[0m[INFO] --- maven-install-plugin:2.4:install (default-install) @ vprofile ---
[INFO] Installing /var/lib/jenkins/workspace/sonarscanner-code analysis/target/vprofile-v2.war to /var/lib/jenkins/.m2/repository/com/visualpathit/vprofile/v2/vprofile-v2.war
[INFO] Installing /var/lib/jenkins/workspace/sonarscanner-code analysis/pom.xml to /var/lib/jenkins/.m2/repository/com/visualpathit/vprofile/v2/vprofile-v2.pom
[INFO] ------------------------------------------------------------------------
[INFO] BUILD SUCCESS
[INFO] ------------------------------------------------------------------------
[INFO] Total time:  11.519 s
[INFO] Finished at: 2022-01-13T06:21:32Z
[INFO] ------------------------------------------------------------------------
[sonarscanner-code analysis] $ /var/lib/jenkins/tools/hudson.plugins.sonar.SonarRunnerInstallation/sonar-4.6.2.2472/bin/sonar-scanner -Dsonar.host.url=http://172.31.94.115 ******** -Dsonar.projectName=vprofile-repo -Dsonar.java.checkstyle.reportPaths=target/checkstyle-result.xml -Dsonar.junit.reportsPath=target/surefire-reports/ -Dsonar.projectVersion=1.0 -Dsonar.jacoco.reportsPath=target/jacoco.exec -Dsonar.projectKey=vprofile -Dsonar.java.binaries=target/test-classes/com/visualpathit/account/controllerTest/ -Dsonar.sources=src/ "-Dsonar.projectBaseDir=/var/lib/jenkins/workspace/sonarscanner-code analysis"
INFO: Scanner configuration file: /var/lib/jenkins/tools/hudson.plugins.sonar.SonarRunnerInstallation/sonar-4.6.2.2472/conf/sonar-scanner.properties
INFO: Project root configuration file: NONE
INFO: SonarScanner 4.6.2.2472
INFO: Java 1.8.0_312 Private Build (64-bit)
INFO: Linux 5.11.0-1022-aws amd64
INFO: User cache: /var/lib/jenkins/.sonar/cache
INFO: Scanner configuration file: /var/lib/jenkins/tools/hudson.plugins.sonar.SonarRunnerInstallation/sonar-4.6.2.2472/conf/sonar-scanner.properties
INFO: Project root configuration file: NONE
INFO: Analyzing on SonarQube server 8.3.0
INFO: Default locale: "en", source code encoding: "UTF-8" (analysis is platform dependent)
WARN: SonarScanner will require Java 11 to run starting in SonarQube 8.x
INFO: Load global settings
INFO: Load global settings (done) | time=128ms
INFO: Server id: 86E1FA4D-AX5R6A3FecnHJYnTvY1y
INFO: User cache: /var/lib/jenkins/.sonar/cache
INFO: Load/download plugins
INFO: Load plugins index
INFO: Load plugins index (done) | time=69ms
INFO: Load/download plugins (done) | time=221ms
INFO: Process project properties
INFO: Process project properties (done) | time=16ms
INFO: Execute project builders
INFO: Execute project builders (done) | time=17ms
INFO: Project key: vprofile
INFO: Base dir: /var/lib/jenkins/workspace/sonarscanner-code analysis
INFO: Working dir: /var/lib/jenkins/workspace/sonarscanner-code analysis/.scannerwork
INFO: Load project settings for component key: 'vprofile'
INFO: Load project settings for component key: 'vprofile' (done) | time=37ms
INFO: Load quality profiles
INFO: Load quality profiles (done) | time=77ms
INFO: Auto-configuring with CI 'Jenkins'
INFO: Load active rules
INFO: Load active rules (done) | time=979ms
INFO: Indexing files...
INFO: Project configuration:
INFO: Load project repositories
INFO: Load project repositories (done) | time=34ms
INFO: 43 files indexed
INFO: 0 files ignored because of scm ignore settings
INFO: Quality profile for css: Sonar way
INFO: Quality profile for java: Sonar way
INFO: Quality profile for jsp: Sonar way
INFO: Quality profile for xml: Sonar way
INFO: ------------- Run sensors on module vprofile-repo
INFO: Load metrics repository
INFO: Load metrics repository (done) | time=44ms
INFO: Sensor JavaSquidSensor [java]
INFO: Configured Java source version (sonar.java.source): none
INFO: JavaClasspath initialization
WARN: Bytecode of dependencies was not provided for analysis of source files, you might end up with less precise results. Bytecode can be provided using sonar.java.libraries property.
INFO: JavaClasspath initialization (done) | time=17ms
INFO: JavaTestClasspath initialization
INFO: JavaTestClasspath initialization (done) | time=0ms
INFO: Java Main Files AST scan
INFO: 16 source files to be analyzed
INFO: 16/16 source files have been analyzed
INFO: Java Main Files AST scan (done) | time=4486ms
INFO: Java Test Files AST scan
INFO: 0 source files to be analyzed
INFO: Java Test Files AST scan (done) | time=2ms
INFO: Java Generated Files AST scan
INFO: 0 source files to be analyzed
INFO: Java Generated Files AST scan (done) | time=4ms
INFO: Sensor JavaSquidSensor [java] (done) | time=4767ms
INFO: Sensor SonarCSS Metrics [cssfamily]
INFO: 0/0 source files have been analyzed
INFO: 0/0 source files have been analyzed
INFO: Sensor SonarCSS Metrics [cssfamily] (done) | time=96ms
INFO: Sensor SonarCSS Rules [cssfamily]
ERROR: CSS rules were not executed. Error when running: 'node -v'. Is Node.js available during analysis?
org.sonarsource.nodejs.NodeCommandException: Error when running: 'node -v'. Is Node.js available during analysis?
	at org.sonarsource.nodejs.NodeCommand.start(NodeCommand.java:83)
	at org.sonarsource.nodejs.NodeCommandBuilderImpl.getVersion(NodeCommandBuilderImpl.java:196)
	at org.sonarsource.nodejs.NodeCommandBuilderImpl.checkNodeCompatibility(NodeCommandBuilderImpl.java:169)
	at org.sonarsource.nodejs.NodeCommandBuilderImpl.build(NodeCommandBuilderImpl.java:144)
	at org.sonar.css.plugin.server.CssAnalyzerBridgeServer.initNodeCommand(CssAnalyzerBridgeServer.java:133)
	at org.sonar.css.plugin.server.CssAnalyzerBridgeServer.startServer(CssAnalyzerBridgeServer.java:101)
	at org.sonar.css.plugin.server.CssAnalyzerBridgeServer.startServerLazily(CssAnalyzerBridgeServer.java:153)
	at org.sonar.css.plugin.CssRuleSensor.execute(CssRuleSensor.java:99)
	at org.sonar.scanner.sensor.AbstractSensorWrapper.analyse(AbstractSensorWrapper.java:48)
	at org.sonar.scanner.sensor.ModuleSensorsExecutor.execute(ModuleSensorsExecutor.java:85)
	at org.sonar.scanner.sensor.ModuleSensorsExecutor.lambda$execute$1(ModuleSensorsExecutor.java:59)
	at org.sonar.scanner.sensor.ModuleSensorsExecutor.withModuleStrategy(ModuleSensorsExecutor.java:77)
	at org.sonar.scanner.sensor.ModuleSensorsExecutor.execute(ModuleSensorsExecutor.java:59)
	at org.sonar.scanner.scan.ModuleScanContainer.doAfterStart(ModuleScanContainer.java:82)
	at org.sonar.core.platform.ComponentContainer.startComponents(ComponentContainer.java:137)
	at org.sonar.core.platform.ComponentContainer.execute(ComponentContainer.java:123)
	at org.sonar.scanner.scan.ProjectScanContainer.scan(ProjectScanContainer.java:386)
	at org.sonar.scanner.scan.ProjectScanContainer.scanRecursively(ProjectScanContainer.java:382)
	at org.sonar.scanner.scan.ProjectScanContainer.doAfterStart(ProjectScanContainer.java:351)
	at org.sonar.core.platform.ComponentContainer.startComponents(ComponentContainer.java:137)
	at org.sonar.core.platform.ComponentContainer.execute(ComponentContainer.java:123)
	at org.sonar.scanner.bootstrap.GlobalContainer.doAfterStart(GlobalContainer.java:141)
	at org.sonar.core.platform.ComponentContainer.startComponents(ComponentContainer.java:137)
	at org.sonar.core.platform.ComponentContainer.execute(ComponentContainer.java:123)
	at org.sonar.batch.bootstrapper.Batch.doExecute(Batch.java:72)
	at org.sonar.batch.bootstrapper.Batch.execute(Batch.java:66)
	at org.sonarsource.scanner.api.internal.batch.BatchIsolatedLauncher.execute(BatchIsolatedLauncher.java:46)
	at sun.reflect.NativeMethodAccessorImpl.invoke0(Native Method)
	at sun.reflect.NativeMethodAccessorImpl.invoke(NativeMethodAccessorImpl.java:62)
	at sun.reflect.DelegatingMethodAccessorImpl.invoke(DelegatingMethodAccessorImpl.java:43)
	at java.lang.reflect.Method.invoke(Method.java:498)
	at org.sonarsource.scanner.api.internal.IsolatedLauncherProxy.invoke(IsolatedLauncherProxy.java:60)
	at com.sun.proxy.$Proxy0.execute(Unknown Source)
	at org.sonarsource.scanner.api.EmbeddedScanner.doExecute(EmbeddedScanner.java:189)
	at org.sonarsource.scanner.api.EmbeddedScanner.execute(EmbeddedScanner.java:138)
	at org.sonarsource.scanner.cli.Main.execute(Main.java:112)
	at org.sonarsource.scanner.cli.Main.execute(Main.java:75)
	at org.sonarsource.scanner.cli.Main.main(Main.java:61)
Caused by: java.io.IOException: Cannot run program "node": error=2, No such file or directory
	at java.lang.ProcessBuilder.start(ProcessBuilder.java:1048)
	at org.sonarsource.nodejs.NodeCommand$ProcessWrapperImpl.start(NodeCommand.java:175)
	at org.sonarsource.nodejs.NodeCommand.start(NodeCommand.java:79)
	... 37 common frames omitted
Caused by: java.io.IOException: error=2, No such file or directory
	at java.lang.UNIXProcess.forkAndExec(Native Method)
	at java.lang.UNIXProcess.<init>(UNIXProcess.java:247)
	at java.lang.ProcessImpl.start(ProcessImpl.java:134)
	at java.lang.ProcessBuilder.start(ProcessBuilder.java:1029)
	... 39 common frames omitted

INFO: Sensor SonarCSS Rules [cssfamily] (done) | time=1266ms
INFO: Sensor JaCoCo XML Report Importer [jacoco]
INFO: 'sonar.coverage.jacoco.xmlReportPaths' is not defined. Using default locations: target/site/jacoco/jacoco.xml,target/site/jacoco-it/jacoco.xml,build/reports/jacoco/test/jacocoTestReport.xml
INFO: Importing 1 report(s). Turn your logs in debug mode in order to see the exhaustive list.
INFO: Sensor JaCoCo XML Report Importer [jacoco] (done) | time=60ms
INFO: Sensor Import of Checkstyle issues [java]
INFO: Importing /var/lib/jenkins/workspace/sonarscanner-code analysis/target/checkstyle-result.xml
INFO: Sensor Import of Checkstyle issues [java] (done) | time=68ms
INFO: Sensor SurefireSensor [java]
INFO: parsing [/var/lib/jenkins/workspace/sonarscanner-code analysis/target/surefire-reports]
INFO: Sensor SurefireSensor [java] (done) | time=52ms
INFO: Sensor JavaXmlSensor [java]
INFO: 6 source files to be analyzed
INFO: Sensor JavaXmlSensor [java] (done) | time=424ms
INFO: Sensor HTML [web]
INFO: 6/6 source files have been analyzed
INFO: Sensor HTML [web] (done) | time=414ms
INFO: Sensor XML Sensor [xml]
INFO: 6 source files to be analyzed
INFO: Sensor XML Sensor [xml] (done) | time=334ms
INFO: 6/6 source files have been analyzed
INFO: ------------- Run sensors on project
INFO: Sensor Zero Coverage Sensor
INFO: Sensor Zero Coverage Sensor (done) | time=10ms
INFO: Sensor Java CPD Block Indexer
INFO: Sensor Java CPD Block Indexer (done) | time=81ms
INFO: SCM Publisher SCM provider for this project is: git
INFO: SCM Publisher 1 source file to be analyzed
INFO: SCM Publisher 1/1 source file have been analyzed (done) | time=269ms
INFO: CPD Executor 6 files had no CPD blocks
INFO: CPD Executor Calculating CPD for 14 files
INFO: CPD Executor CPD calculation finished (done) | time=83ms
INFO: Analysis report generated in 198ms, dir size=258 KB
INFO: Analysis report compressed in 204ms, zip size=96 KB
INFO: Analysis report uploaded in 40ms
INFO: ANALYSIS SUCCESSFUL, you can browse http://172.31.94.115/dashboard?id=vprofile
INFO: Note that you will be able to access the updated dashboard once the server has processed the submitted analysis report
INFO: More about the report processing at http://172.31.94.115/api/ce/task?id=AX5SGYaUecnHJYnTvbTs
INFO: Analysis total time: 16.057 s
INFO: ------------------------------------------------------------------------
INFO: EXECUTION SUCCESS
INFO: ------------------------------------------------------------------------
INFO: Total time: 18.244s
INFO: Final Memory: 18M/46M
INFO: ------------------------------------------------------------------------
[sonarscanner-code analysis] $ mvn checkstyle:checkstyle
[[1;34mINFO[m] Scanning for projects...
[[1;34mINFO[m] 
[[1;34mINFO[m] [1m---------------------< [0;36mcom.visualpathit:vprofile[0;1m >----------------------[m
[[1;34mINFO[m] [1mBuilding Visualpathit VProfile Webapp v2[m
[[1;34mINFO[m] [1m--------------------------------[ war ]---------------------------------[m
[[1;34mINFO[m] 
[[1;34mINFO[m] [1m--- [0;32mmaven-checkstyle-plugin:3.1.2:checkstyle[m [1m(default-cli)[m @ [36mvprofile[0;1m ---[m
[[1;33mWARNING[m] Old version of checkstyle detected. Consider updating to >= v8.30
[[1;33mWARNING[m] For more information see: https://maven.apache.org/plugins/maven-checkstyle-plugin/examples/upgrading-checkstyle.html
[[1;33mWARNING[m] File encoding has not been set, using platform encoding UTF-8, i.e. build is platform dependent!
[[1;34mINFO[m] There are 96 errors reported by Checkstyle 8.29 with sun_checks.xml ruleset.
[[1;33mWARNING[m] Unable to locate Source XRef to link to - DISABLED
[[1;34mINFO[m] [1m------------------------------------------------------------------------[m
[[1;34mINFO[m] [1;32mBUILD SUCCESS[m
[[1;34mINFO[m] [1m------------------------------------------------------------------------[m
[[1;34mINFO[m] Total time:  5.237 s
[[1;34mINFO[m] Finished at: 2022-01-13T06:22:00Z
[[1;34mINFO[m] [1m------------------------------------------------------------------------[m
Status => SUCCESS
PostBuild-Step: Quality Gates plugin build passed: TRUE
[Slack Notifications] found #2 as previous completed, non-aborted build
[Slack Notifications] will send OnSuccessNotification because build matches and user preferences allow it
Finished: SUCCESS
